Steve Nwachukwu and Tyler Burzenski
Lab 3: FORTH Lexer
The lexed file: Circle.f

------------------------------------
Comments: 

FORTH Circle Program written by Steve Nwachukwu
Calculating the radius (diameter /2 )
Calculating the circumference (diameter * 22) / 7
Calculating the area (diameter * diameter * 22) / 28
Calculating radius
Calculating circumference
Calculating area

The Symbol Table:

Token Name			Type	Reference(s)
"                                  Word           1         
*                                  Word           3         
.                                  Word           4         
."                                 Word           5         
."	Diameter                        Word           1         
/                                  Word           3         
0                                  Number         2         
2                                  Number         1         
22                                 Number         2         
28                                 Number         1         
7                                  Number         1         
:                                  Word           4         
;                                  Word           4         
<                                  Word           1         
=                                  Word           2         
Area =                             String         1         
CR                                 Word           6         
Circumference =                    String         1         
Diameter of zero isn't allowed!    String         1         
Error: Negative input!             String         1         
Radius =                           String         1         
area                               Word           2         
circle-calculate                   Word           1         
circumference                      Word           2         
drop                               Word           2         
dup                                Word           7         
exit                               Word           2         
if                                 Word           2         
radius                             Word           2         
then                               Word           2 
